C:\Program Files\Microsoft Visual Studio\2022\Community\MSBuild\Microsoft\VC\v170\Microsoft.CppBuild.targets(531,5): warning MSB8028: The intermediate directory (D:\Assigments\Year3\Sem2\Game Engine Architecture\ScrapGameEngine_0.4\ScrapGameEngine_0.4\project\temp\) contains files shared from another project (xbgt3124_t03.vcxproj).  This can lead to incorrect clean and rebuild behavior.
  Application.cpp
C:\Program Files\Microsoft Visual Studio\2022\Community\VC\Tools\MSVC\14.37.32822\include\memory(3477,35): error C2665: 'ScrapGameEngine::Mesh::Mesh': no overloaded function could convert all the argument types
D:\Assigments\Year3\Sem2\Game Engine Architecture\ScrapGameEngine_0.4\ScrapGameEngine_0.4\project\src\Mesh.h(35,2): message : could be 'ScrapGameEngine::Mesh::Mesh(const ScrapGameEngine::Mesh &)'
C:\Program Files\Microsoft Visual Studio\2022\Community\VC\Tools\MSVC\14.37.32822\include\memory(3477,35): message : 'ScrapGameEngine::Mesh::Mesh(const ScrapGameEngine::Mesh &)': cannot convert argument 1 from 'const std::string' to 'const ScrapGameEngine::Mesh &'
C:\Program Files\Microsoft Visual Studio\2022\Community\VC\Tools\MSVC\14.37.32822\include\memory(3477,56): message : Reason: cannot convert from 'const std::string' to 'const ScrapGameEngine::Mesh'
C:\Program Files\Microsoft Visual Studio\2022\Community\VC\Tools\MSVC\14.37.32822\include\memory(3477,56): message : No user-defined-conversion operator available that can perform this conversion, or the operator cannot be called
D:\Assigments\Year3\Sem2\Game Engine Architecture\ScrapGameEngine_0.4\ScrapGameEngine_0.4\project\src\Mesh.h(20,3): message : or       'ScrapGameEngine::Mesh::Mesh(std::vector<ScrapGameEngine::Vertex,std::allocator<ScrapGameEngine::Vertex>>)'
C:\Program Files\Microsoft Visual Studio\2022\Community\VC\Tools\MSVC\14.37.32822\include\memory(3477,35): message : 'ScrapGameEngine::Mesh::Mesh(std::vector<ScrapGameEngine::Vertex,std::allocator<ScrapGameEngine::Vertex>>)': cannot convert argument 1 from 'const std::string' to 'std::vector<ScrapGameEngine::Vertex,std::allocator<ScrapGameEngine::Vertex>>'
C:\Program Files\Microsoft Visual Studio\2022\Community\VC\Tools\MSVC\14.37.32822\include\memory(3477,56): message : No user-defined-conversion operator available that can perform this conversion, or the operator cannot be called
C:\Program Files\Microsoft Visual Studio\2022\Community\VC\Tools\MSVC\14.37.32822\include\memory(3477,35): message : while trying to match the argument list '(const std::string)'
D:\Assigments\Year3\Sem2\Game Engine Architecture\ScrapGameEngine_0.4\ScrapGameEngine_0.4\project\src\Mesh.h(25,20): message : see reference to function template instantiation 'std::unique_ptr<ScrapGameEngine::Mesh,std::default_delete<ScrapGameEngine::Mesh>> std::make_unique<ScrapGameEngine::Mesh,const std::string&,0>(const std::string &)' being compiled
  ShowcaseScene.cpp
C:\Program Files\Microsoft Visual Studio\2022\Community\VC\Tools\MSVC\14.37.32822\include\memory(3477,35): error C2665: 'ScrapGameEngine::Mesh::Mesh': no overloaded function could convert all the argument types
D:\Assigments\Year3\Sem2\Game Engine Architecture\ScrapGameEngine_0.4\ScrapGameEngine_0.4\project\src\Mesh.h(35,2): message : could be 'ScrapGameEngine::Mesh::Mesh(const ScrapGameEngine::Mesh &)'
C:\Program Files\Microsoft Visual Studio\2022\Community\VC\Tools\MSVC\14.37.32822\include\memory(3477,35): message : 'ScrapGameEngine::Mesh::Mesh(const ScrapGameEngine::Mesh &)': cannot convert argument 1 from 'const std::string' to 'const ScrapGameEngine::Mesh &'
C:\Program Files\Microsoft Visual Studio\2022\Community\VC\Tools\MSVC\14.37.32822\include\memory(3477,56): message : Reason: cannot convert from 'const std::string' to 'const ScrapGameEngine::Mesh'
C:\Program Files\Microsoft Visual Studio\2022\Community\VC\Tools\MSVC\14.37.32822\include\memory(3477,56): message : No user-defined-conversion operator available that can perform this conversion, or the operator cannot be called
D:\Assigments\Year3\Sem2\Game Engine Architecture\ScrapGameEngine_0.4\ScrapGameEngine_0.4\project\src\Mesh.h(20,3): message : or       'ScrapGameEngine::Mesh::Mesh(std::vector<ScrapGameEngine::Vertex,std::allocator<ScrapGameEngine::Vertex>>)'
C:\Program Files\Microsoft Visual Studio\2022\Community\VC\Tools\MSVC\14.37.32822\include\memory(3477,35): message : 'ScrapGameEngine::Mesh::Mesh(std::vector<ScrapGameEngine::Vertex,std::allocator<ScrapGameEngine::Vertex>>)': cannot convert argument 1 from 'const std::string' to 'std::vector<ScrapGameEngine::Vertex,std::allocator<ScrapGameEngine::Vertex>>'
C:\Program Files\Microsoft Visual Studio\2022\Community\VC\Tools\MSVC\14.37.32822\include\memory(3477,56): message : No user-defined-conversion operator available that can perform this conversion, or the operator cannot be called
C:\Program Files\Microsoft Visual Studio\2022\Community\VC\Tools\MSVC\14.37.32822\include\memory(3477,35): message : while trying to match the argument list '(const std::string)'
D:\Assigments\Year3\Sem2\Game Engine Architecture\ScrapGameEngine_0.4\ScrapGameEngine_0.4\project\src\Mesh.h(25,20): message : see reference to function template instantiation 'std::unique_ptr<ScrapGameEngine::Mesh,std::default_delete<ScrapGameEngine::Mesh>> std::make_unique<ScrapGameEngine::Mesh,const std::string&,0>(const std::string &)' being compiled
  SplashScreenScene.cpp
D:\Assigments\Year3\Sem2\Game Engine Architecture\ScrapGameEngine_0.4\ScrapGameEngine_0.4\project\src\ResourceAllocator.h(70,23): error C2039: 'lastAccessTime': is not a member of 'ScrapGameEngine::Texture2D'
D:\Assigments\Year3\Sem2\Game Engine Architecture\ScrapGameEngine_0.4\ScrapGameEngine_0.4\project\src\Texture2D.h(23,8): message : see declaration of 'ScrapGameEngine::Texture2D'
D:\Assigments\Year3\Sem2\Game Engine Architecture\ScrapGameEngine_0.4\ScrapGameEngine_0.4\project\src\ResourceAllocator.h(68,14): message : while compiling class template member function 'void ScrapGameEngine::ResourceAllocator<ScrapGameEngine::Texture2D>::updateAccessTime(const std::shared_ptr<ResourceType> &)'
          with
          [
              ResourceType=ScrapGameEngine::Texture2D
          ]
D:\Assigments\Year3\Sem2\Game Engine Architecture\ScrapGameEngine_0.4\ScrapGameEngine_0.4\project\src\ResourceAllocator.h(20,33): message : see the first reference to 'ScrapGameEngine::ResourceAllocator<ScrapGameEngine::Texture2D>::updateAccessTime' in 'ScrapGameEngine::ResourceAllocator<ScrapGameEngine::Texture2D>::getResource'
D:\Assigments\Year3\Sem2\Game Engine Architecture\ScrapGameEngine_0.4\ScrapGameEngine_0.4\project\src\SplashScreenScene.cpp(44,19): message : see the first reference to 'ScrapGameEngine::ResourceAllocator<ScrapGameEngine::Texture2D>::getResource' in 'SplashScreenScene::onInitialize'
D:\Assigments\Year3\Sem2\Game Engine Architecture\ScrapGameEngine_0.4\ScrapGameEngine_0.4\project\src\SplashScreenScene.cpp(15,64): message : see reference to class template instantiation 'ScrapGameEngine::ResourceAllocator<ScrapGameEngine::Texture2D>' being compiled
  Graphics.cpp
C:\Program Files\Microsoft Visual Studio\2022\Community\VC\Tools\MSVC\14.37.32822\include\memory(3477,35): error C2665: 'ScrapGameEngine::Mesh::Mesh': no overloaded function could convert all the argument types
D:\Assigments\Year3\Sem2\Game Engine Architecture\ScrapGameEngine_0.4\ScrapGameEngine_0.4\project\src\Mesh.h(35,2): message : could be 'ScrapGameEngine::Mesh::Mesh(const ScrapGameEngine::Mesh &)'
C:\Program Files\Microsoft Visual Studio\2022\Community\VC\Tools\MSVC\14.37.32822\include\memory(3477,35): message : 'ScrapGameEngine::Mesh::Mesh(const ScrapGameEngine::Mesh &)': cannot convert argument 1 from 'const std::string' to 'const ScrapGameEngine::Mesh &'
C:\Program Files\Microsoft Visual Studio\2022\Community\VC\Tools\MSVC\14.37.32822\include\memory(3477,56): message : Reason: cannot convert from 'const std::string' to 'const ScrapGameEngine::Mesh'
C:\Program Files\Microsoft Visual Studio\2022\Community\VC\Tools\MSVC\14.37.32822\include\memory(3477,56): message : No user-defined-conversion operator available that can perform this conversion, or the operator cannot be called
D:\Assigments\Year3\Sem2\Game Engine Architecture\ScrapGameEngine_0.4\ScrapGameEngine_0.4\project\src\Mesh.h(20,3): message : or       'ScrapGameEngine::Mesh::Mesh(std::vector<ScrapGameEngine::Vertex,std::allocator<ScrapGameEngine::Vertex>>)'
C:\Program Files\Microsoft Visual Studio\2022\Community\VC\Tools\MSVC\14.37.32822\include\memory(3477,35): message : 'ScrapGameEngine::Mesh::Mesh(std::vector<ScrapGameEngine::Vertex,std::allocator<ScrapGameEngine::Vertex>>)': cannot convert argument 1 from 'const std::string' to 'std::vector<ScrapGameEngine::Vertex,std::allocator<ScrapGameEngine::Vertex>>'
C:\Program Files\Microsoft Visual Studio\2022\Community\VC\Tools\MSVC\14.37.32822\include\memory(3477,56): message : No user-defined-conversion operator available that can perform this conversion, or the operator cannot be called
C:\Program Files\Microsoft Visual Studio\2022\Community\VC\Tools\MSVC\14.37.32822\include\memory(3477,35): message : while trying to match the argument list '(const std::string)'
D:\Assigments\Year3\Sem2\Game Engine Architecture\ScrapGameEngine_0.4\ScrapGameEngine_0.4\project\src\Mesh.h(25,20): message : see reference to function template instantiation 'std::unique_ptr<ScrapGameEngine::Mesh,std::default_delete<ScrapGameEngine::Mesh>> std::make_unique<ScrapGameEngine::Mesh,const std::string&,0>(const std::string &)' being compiled
  main.cpp
C:\Program Files\Microsoft Visual Studio\2022\Community\VC\Tools\MSVC\14.37.32822\include\memory(3477,35): error C2665: 'ScrapGameEngine::Mesh::Mesh': no overloaded function could convert all the argument types
D:\Assigments\Year3\Sem2\Game Engine Architecture\ScrapGameEngine_0.4\ScrapGameEngine_0.4\project\src\Mesh.h(35,2): message : could be 'ScrapGameEngine::Mesh::Mesh(const ScrapGameEngine::Mesh &)'
C:\Program Files\Microsoft Visual Studio\2022\Community\VC\Tools\MSVC\14.37.32822\include\memory(3477,35): message : 'ScrapGameEngine::Mesh::Mesh(const ScrapGameEngine::Mesh &)': cannot convert argument 1 from 'const std::string' to 'const ScrapGameEngine::Mesh &'
C:\Program Files\Microsoft Visual Studio\2022\Community\VC\Tools\MSVC\14.37.32822\include\memory(3477,56): message : Reason: cannot convert from 'const std::string' to 'const ScrapGameEngine::Mesh'
C:\Program Files\Microsoft Visual Studio\2022\Community\VC\Tools\MSVC\14.37.32822\include\memory(3477,56): message : No user-defined-conversion operator available that can perform this conversion, or the operator cannot be called
D:\Assigments\Year3\Sem2\Game Engine Architecture\ScrapGameEngine_0.4\ScrapGameEngine_0.4\project\src\Mesh.h(20,3): message : or       'ScrapGameEngine::Mesh::Mesh(std::vector<ScrapGameEngine::Vertex,std::allocator<ScrapGameEngine::Vertex>>)'
C:\Program Files\Microsoft Visual Studio\2022\Community\VC\Tools\MSVC\14.37.32822\include\memory(3477,35): message : 'ScrapGameEngine::Mesh::Mesh(std::vector<ScrapGameEngine::Vertex,std::allocator<ScrapGameEngine::Vertex>>)': cannot convert argument 1 from 'const std::string' to 'std::vector<ScrapGameEngine::Vertex,std::allocator<ScrapGameEngine::Vertex>>'
C:\Program Files\Microsoft Visual Studio\2022\Community\VC\Tools\MSVC\14.37.32822\include\memory(3477,56): message : No user-defined-conversion operator available that can perform this conversion, or the operator cannot be called
C:\Program Files\Microsoft Visual Studio\2022\Community\VC\Tools\MSVC\14.37.32822\include\memory(3477,35): message : while trying to match the argument list '(const std::string)'
D:\Assigments\Year3\Sem2\Game Engine Architecture\ScrapGameEngine_0.4\ScrapGameEngine_0.4\project\src\Mesh.h(25,20): message : see reference to function template instantiation 'std::unique_ptr<ScrapGameEngine::Mesh,std::default_delete<ScrapGameEngine::Mesh>> std::make_unique<ScrapGameEngine::Mesh,const std::string&,0>(const std::string &)' being compiled
  Mesh.cpp
C:\Program Files\Microsoft Visual Studio\2022\Community\VC\Tools\MSVC\14.37.32822\include\memory(3477,35): error C2665: 'ScrapGameEngine::Mesh::Mesh': no overloaded function could convert all the argument types
D:\Assigments\Year3\Sem2\Game Engine Architecture\ScrapGameEngine_0.4\ScrapGameEngine_0.4\project\src\Mesh.h(35,2): message : could be 'ScrapGameEngine::Mesh::Mesh(const ScrapGameEngine::Mesh &)'
C:\Program Files\Microsoft Visual Studio\2022\Community\VC\Tools\MSVC\14.37.32822\include\memory(3477,35): message : 'ScrapGameEngine::Mesh::Mesh(const ScrapGameEngine::Mesh &)': cannot convert argument 1 from 'const std::string' to 'const ScrapGameEngine::Mesh &'
C:\Program Files\Microsoft Visual Studio\2022\Community\VC\Tools\MSVC\14.37.32822\include\memory(3477,56): message : Reason: cannot convert from 'const std::string' to 'const ScrapGameEngine::Mesh'
C:\Program Files\Microsoft Visual Studio\2022\Community\VC\Tools\MSVC\14.37.32822\include\memory(3477,56): message : No user-defined-conversion operator available that can perform this conversion, or the operator cannot be called
D:\Assigments\Year3\Sem2\Game Engine Architecture\ScrapGameEngine_0.4\ScrapGameEngine_0.4\project\src\Mesh.cpp(4,24): message : or       'ScrapGameEngine::Mesh::Mesh(std::vector<ScrapGameEngine::Vertex,std::allocator<ScrapGameEngine::Vertex>>)'
C:\Program Files\Microsoft Visual Studio\2022\Community\VC\Tools\MSVC\14.37.32822\include\memory(3477,35): message : 'ScrapGameEngine::Mesh::Mesh(std::vector<ScrapGameEngine::Vertex,std::allocator<ScrapGameEngine::Vertex>>)': cannot convert argument 1 from 'const std::string' to 'std::vector<ScrapGameEngine::Vertex,std::allocator<ScrapGameEngine::Vertex>>'
C:\Program Files\Microsoft Visual Studio\2022\Community\VC\Tools\MSVC\14.37.32822\include\memory(3477,56): message : No user-defined-conversion operator available that can perform this conversion, or the operator cannot be called
C:\Program Files\Microsoft Visual Studio\2022\Community\VC\Tools\MSVC\14.37.32822\include\memory(3477,35): message : while trying to match the argument list '(const std::string)'
D:\Assigments\Year3\Sem2\Game Engine Architecture\ScrapGameEngine_0.4\ScrapGameEngine_0.4\project\src\Mesh.h(25,20): message : see reference to function template instantiation 'std::unique_ptr<ScrapGameEngine::Mesh,std::default_delete<ScrapGameEngine::Mesh>> std::make_unique<ScrapGameEngine::Mesh,const std::string&,0>(const std::string &)' being compiled
  Renderer.cpp
  Texture2D.cpp
  Generating Code...
